  rendering.cpp
rendering.cpp(36): warning C4244: “参数”: 从“int”转换到“float”，可能丢失数据
rendering.cpp(230): warning C4244: “初始化”: 从“float”转换到“int”，可能丢失数据
rendering.cpp(231): warning C4244: “初始化”: 从“float”转换到“int”，可能丢失数据
rendering.cpp(360): warning C4244: “=”: 从“double”转换到“float”，可能丢失数据
rendering.cpp(361): warning C4244: “=”: 从“double”转换到“float”，可能丢失数据
rendering.cpp(362): warning C4244: “=”: 从“double”转换到“float”，可能丢失数据
rendering.cpp(383): warning C4244: “参数”: 从“float”转换到“int”，可能丢失数据
rendering.cpp(409): warning C4244: “=”: 从“int”转换到“float”，可能丢失数据
rendering.cpp(410): warning C4244: “=”: 从“int”转换到“float”，可能丢失数据
rendering.cpp(411): warning C4244: “=”: 从“int”转换到“float”，可能丢失数据
rendering.cpp(413): warning C4244: “参数”: 从“float”转换到“int”，可能丢失数据
rendering.cpp(413): warning C4244: “=”: 从“int”转换到“float”，可能丢失数据
rendering.cpp(414): warning C4244: “参数”: 从“float”转换到“int”，可能丢失数据
rendering.cpp(414): warning C4244: “=”: 从“int”转换到“float”，可能丢失数据
rendering.cpp(415): warning C4244: “参数”: 从“float”转换到“int”，可能丢失数据
rendering.cpp(415): warning C4244: “=”: 从“int”转换到“float”，可能丢失数据
rendering.cpp(419): warning C4244: “=”: 从“IUINT32”转换到“float”，可能丢失数据
rendering.cpp(420): warning C4244: “=”: 从“IUINT32”转换到“float”，可能丢失数据
rendering.cpp(421): warning C4244: “=”: 从“IUINT32”转换到“float”，可能丢失数据
rendering.cpp(427): warning C4244: “参数”: 从“float”转换到“int”，可能丢失数据
rendering.cpp(427): warning C4244: “=”: 从“int”转换到“float”，可能丢失数据
rendering.cpp(428): warning C4244: “参数”: 从“float”转换到“int”，可能丢失数据
rendering.cpp(428): warning C4244: “=”: 从“int”转换到“float”，可能丢失数据
rendering.cpp(429): warning C4244: “参数”: 从“float”转换到“int”，可能丢失数据
rendering.cpp(429): warning C4244: “=”: 从“int”转换到“float”，可能丢失数据
  render.vcxproj -> C:\Users\Minstreams\Documents\GitHub\render_use_vs\Release\render.exe
  render.vcxproj -> C:\Users\Minstreams\Documents\GitHub\render_use_vs\Release\render.pdb (Full PDB)
